<?xml version="1.0" encoding="UTF-8"?>
<testsuite xmlns:xsi="http://www.w3.org/2001/XMLSchema-instance" xsi:noNamespaceSchemaLocation="https://maven.apache.org/surefire/maven-surefire-plugin/xsd/surefire-test-report.xsd" name="com.example.mybatis.TestMeetMapper" time="4.921" tests="2" errors="1" skipped="0" failures="0">
  <properties>
    <property name="java.specification.version" value="13"/>
    <property name="sun.cpu.isalist" value="amd64"/>
    <property name="sun.jnu.encoding" value="GBK"/>
    <property name="java.class.path" value="E:\Code\server\learning-java\learn-mybatis-mp\target\test-classes;E:\Code\server\learning-java\learn-mybatis-mp\target\classes;D:\develop\repository2\org\mybatis\spring\boot\mybatis-spring-boot-starter\2.1.1\mybatis-spring-boot-starter-2.1.1.jar;D:\develop\repository2\org\springframework\boot\spring-boot-starter\2.7.5\spring-boot-starter-2.7.5.jar;D:\develop\repository2\org\springframework\boot\spring-boot\2.7.5\spring-boot-2.7.5.jar;D:\develop\repository2\org\springframework\boot\spring-boot-autoconfigure\2.7.5\spring-boot-autoconfigure-2.7.5.jar;D:\develop\repository2\org\springframework\boot\spring-boot-starter-logging\2.7.5\spring-boot-starter-logging-2.7.5.jar;D:\develop\repository2\ch\qos\logback\logback-classic\1.2.11\logback-classic-1.2.11.jar;D:\develop\repository2\ch\qos\logback\logback-core\1.2.11\logback-core-1.2.11.jar;D:\develop\repository2\org\apache\logging\log4j\log4j-to-slf4j\2.17.2\log4j-to-slf4j-2.17.2.jar;D:\develop\repository2\org\apache\logging\log4j\log4j-api\2.17.2\log4j-api-2.17.2.jar;D:\develop\repository2\org\slf4j\jul-to-slf4j\1.7.36\jul-to-slf4j-1.7.36.jar;D:\develop\repository2\jakarta\annotation\jakarta.annotation-api\1.3.5\jakarta.annotation-api-1.3.5.jar;D:\develop\repository2\org\yaml\snakeyaml\1.30\snakeyaml-1.30.jar;D:\develop\repository2\org\mybatis\spring\boot\mybatis-spring-boot-autoconfigure\2.1.1\mybatis-spring-boot-autoconfigure-2.1.1.jar;D:\develop\repository2\org\mybatis\mybatis\3.5.3\mybatis-3.5.3.jar;D:\develop\repository2\org\mybatis\mybatis-spring\2.0.3\mybatis-spring-2.0.3.jar;D:\develop\repository2\org\springframework\boot\spring-boot-starter-jdbc\2.7.5\spring-boot-starter-jdbc-2.7.5.jar;D:\develop\repository2\com\zaxxer\HikariCP\4.0.3\HikariCP-4.0.3.jar;D:\develop\repository2\org\slf4j\slf4j-api\1.7.36\slf4j-api-1.7.36.jar;D:\develop\repository2\org\springframework\spring-jdbc\5.3.23\spring-jdbc-5.3.23.jar;D:\develop\repository2\org\springframework\spring-beans\5.3.23\spring-beans-5.3.23.jar;D:\develop\repository2\org\springframework\spring-tx\5.3.23\spring-tx-5.3.23.jar;D:\develop\repository2\com\mysql\mysql-connector-j\8.0.31\mysql-connector-j-8.0.31.jar;D:\develop\repository2\org\springframework\boot\spring-boot-starter-web\2.7.5\spring-boot-starter-web-2.7.5.jar;D:\develop\repository2\org\springframework\boot\spring-boot-starter-json\2.7.5\spring-boot-starter-json-2.7.5.jar;D:\develop\repository2\com\fasterxml\jackson\core\jackson-databind\2.13.4.2\jackson-databind-2.13.4.2.jar;D:\develop\repository2\com\fasterxml\jackson\core\jackson-annotations\2.13.4\jackson-annotations-2.13.4.jar;D:\develop\repository2\com\fasterxml\jackson\core\jackson-core\2.13.4\jackson-core-2.13.4.jar;D:\develop\repository2\com\fasterxml\jackson\datatype\jackson-datatype-jdk8\2.13.4\jackson-datatype-jdk8-2.13.4.jar;D:\develop\repository2\com\fasterxml\jackson\datatype\jackson-datatype-jsr310\2.13.4\jackson-datatype-jsr310-2.13.4.jar;D:\develop\repository2\com\fasterxml\jackson\module\jackson-module-parameter-names\2.13.4\jackson-module-parameter-names-2.13.4.jar;D:\develop\repository2\org\springframework\boot\spring-boot-starter-tomcat\2.7.5\spring-boot-starter-tomcat-2.7.5.jar;D:\develop\repository2\org\apache\tomcat\embed\tomcat-embed-core\9.0.68\tomcat-embed-core-9.0.68.jar;D:\develop\repository2\org\apache\tomcat\embed\tomcat-embed-el\9.0.68\tomcat-embed-el-9.0.68.jar;D:\develop\repository2\org\apache\tomcat\embed\tomcat-embed-websocket\9.0.68\tomcat-embed-websocket-9.0.68.jar;D:\develop\repository2\org\springframework\spring-web\5.3.23\spring-web-5.3.23.jar;D:\develop\repository2\org\springframework\spring-webmvc\5.3.23\spring-webmvc-5.3.23.jar;D:\develop\repository2\org\springframework\spring-aop\5.3.23\spring-aop-5.3.23.jar;D:\develop\repository2\org\springframework\spring-context\5.3.23\spring-context-5.3.23.jar;D:\develop\repository2\org\springframework\spring-expression\5.3.23\spring-expression-5.3.23.jar;D:\develop\repository2\org\projectlombok\lombok\1.18.24\lombok-1.18.24.jar;D:\develop\repository2\org\springframework\boot\spring-boot-starter-test\2.7.5\spring-boot-starter-test-2.7.5.jar;D:\develop\repository2\org\springframework\boot\spring-boot-test\2.7.5\spring-boot-test-2.7.5.jar;D:\develop\repository2\org\springframework\boot\spring-boot-test-autoconfigure\2.7.5\spring-boot-test-autoconfigure-2.7.5.jar;D:\develop\repository2\com\jayway\jsonpath\json-path\2.7.0\json-path-2.7.0.jar;D:\develop\repository2\net\minidev\json-smart\2.4.8\json-smart-2.4.8.jar;D:\develop\repository2\net\minidev\accessors-smart\2.4.8\accessors-smart-2.4.8.jar;D:\develop\repository2\org\ow2\asm\asm\9.1\asm-9.1.jar;D:\develop\repository2\jakarta\xml\bind\jakarta.xml.bind-api\2.3.3\jakarta.xml.bind-api-2.3.3.jar;D:\develop\repository2\jakarta\activation\jakarta.activation-api\1.2.2\jakarta.activation-api-1.2.2.jar;D:\develop\repository2\org\assertj\assertj-core\3.22.0\assertj-core-3.22.0.jar;D:\develop\repository2\org\hamcrest\hamcrest\2.2\hamcrest-2.2.jar;D:\develop\repository2\org\junit\jupiter\junit-jupiter\5.8.2\junit-jupiter-5.8.2.jar;D:\develop\repository2\org\junit\jupiter\junit-jupiter-api\5.8.2\junit-jupiter-api-5.8.2.jar;D:\develop\repository2\org\opentest4j\opentest4j\1.2.0\opentest4j-1.2.0.jar;D:\develop\repository2\org\junit\platform\junit-platform-commons\1.8.2\junit-platform-commons-1.8.2.jar;D:\develop\repository2\org\apiguardian\apiguardian-api\1.1.2\apiguardian-api-1.1.2.jar;D:\develop\repository2\org\junit\jupiter\junit-jupiter-params\5.8.2\junit-jupiter-params-5.8.2.jar;D:\develop\repository2\org\junit\jupiter\junit-jupiter-engine\5.8.2\junit-jupiter-engine-5.8.2.jar;D:\develop\repository2\org\junit\platform\junit-platform-engine\1.8.2\junit-platform-engine-1.8.2.jar;D:\develop\repository2\org\mockito\mockito-core\4.5.1\mockito-core-4.5.1.jar;D:\develop\repository2\net\bytebuddy\byte-buddy\1.12.18\byte-buddy-1.12.18.jar;D:\develop\repository2\net\bytebuddy\byte-buddy-agent\1.12.18\byte-buddy-agent-1.12.18.jar;D:\develop\repository2\org\objenesis\objenesis\3.2\objenesis-3.2.jar;D:\develop\repository2\org\mockito\mockito-junit-jupiter\4.5.1\mockito-junit-jupiter-4.5.1.jar;D:\develop\repository2\org\skyscreamer\jsonassert\1.5.1\jsonassert-1.5.1.jar;D:\develop\repository2\com\vaadin\external\google\android-json\0.0.20131108.vaadin1\android-json-0.0.20131108.vaadin1.jar;D:\develop\repository2\org\springframework\spring-core\5.3.23\spring-core-5.3.23.jar;D:\develop\repository2\org\springframework\spring-jcl\5.3.23\spring-jcl-5.3.23.jar;D:\develop\repository2\org\springframework\spring-test\5.3.23\spring-test-5.3.23.jar;D:\develop\repository2\org\xmlunit\xmlunit-core\2.9.0\xmlunit-core-2.9.0.jar;D:\develop\repository2\org\springframework\boot\spring-boot-starter-amqp\2.7.5\spring-boot-starter-amqp-2.7.5.jar;D:\develop\repository2\org\springframework\spring-messaging\5.3.23\spring-messaging-5.3.23.jar;D:\develop\repository2\org\springframework\amqp\spring-rabbit\2.4.7\spring-rabbit-2.4.7.jar;D:\develop\repository2\org\springframework\amqp\spring-amqp\2.4.7\spring-amqp-2.4.7.jar;D:\develop\repository2\org\springframework\retry\spring-retry\1.3.4\spring-retry-1.3.4.jar;D:\develop\repository2\com\rabbitmq\amqp-client\5.14.2\amqp-client-5.14.2.jar;"/>
    <property name="java.vm.vendor" value="Oracle Corporation"/>
    <property name="sun.arch.data.model" value="64"/>
    <property name="user.variant" value=""/>
    <property name="java.vendor.url" value="https://java.oracle.com/"/>
    <property name="user.timezone" value="Asia/Shanghai"/>
    <property name="os.name" value="Windows 10"/>
    <property name="java.vm.specification.version" value="13"/>
    <property name="sun.java.launcher" value="SUN_STANDARD"/>
    <property name="user.country" value="CN"/>
    <property name="sun.boot.library.path" value="D:\develop\JAVA\bin"/>
    <property name="sun.java.command" value="C:\Users\25942\AppData\Local\Temp\surefire14472962564329358074\surefirebooter4537442953765911511.jar C:\Users\25942\AppData\Local\Temp\surefire14472962564329358074 2023-01-29T22-58-12_212-jvmRun1 surefire14021353683648974526tmp surefire_05667287612932002222tmp"/>
    <property name="jdk.debug" value="release"/>
    <property name="surefire.test.class.path" value="E:\Code\server\learning-java\learn-mybatis-mp\target\test-classes;E:\Code\server\learning-java\learn-mybatis-mp\target\classes;D:\develop\repository2\org\mybatis\spring\boot\mybatis-spring-boot-starter\2.1.1\mybatis-spring-boot-starter-2.1.1.jar;D:\develop\repository2\org\springframework\boot\spring-boot-starter\2.7.5\spring-boot-starter-2.7.5.jar;D:\develop\repository2\org\springframework\boot\spring-boot\2.7.5\spring-boot-2.7.5.jar;D:\develop\repository2\org\springframework\boot\spring-boot-autoconfigure\2.7.5\spring-boot-autoconfigure-2.7.5.jar;D:\develop\repository2\org\springframework\boot\spring-boot-starter-logging\2.7.5\spring-boot-starter-logging-2.7.5.jar;D:\develop\repository2\ch\qos\logback\logback-classic\1.2.11\logback-classic-1.2.11.jar;D:\develop\repository2\ch\qos\logback\logback-core\1.2.11\logback-core-1.2.11.jar;D:\develop\repository2\org\apache\logging\log4j\log4j-to-slf4j\2.17.2\log4j-to-slf4j-2.17.2.jar;D:\develop\repository2\org\apache\logging\log4j\log4j-api\2.17.2\log4j-api-2.17.2.jar;D:\develop\repository2\org\slf4j\jul-to-slf4j\1.7.36\jul-to-slf4j-1.7.36.jar;D:\develop\repository2\jakarta\annotation\jakarta.annotation-api\1.3.5\jakarta.annotation-api-1.3.5.jar;D:\develop\repository2\org\yaml\snakeyaml\1.30\snakeyaml-1.30.jar;D:\develop\repository2\org\mybatis\spring\boot\mybatis-spring-boot-autoconfigure\2.1.1\mybatis-spring-boot-autoconfigure-2.1.1.jar;D:\develop\repository2\org\mybatis\mybatis\3.5.3\mybatis-3.5.3.jar;D:\develop\repository2\org\mybatis\mybatis-spring\2.0.3\mybatis-spring-2.0.3.jar;D:\develop\repository2\org\springframework\boot\spring-boot-starter-jdbc\2.7.5\spring-boot-starter-jdbc-2.7.5.jar;D:\develop\repository2\com\zaxxer\HikariCP\4.0.3\HikariCP-4.0.3.jar;D:\develop\repository2\org\slf4j\slf4j-api\1.7.36\slf4j-api-1.7.36.jar;D:\develop\repository2\org\springframework\spring-jdbc\5.3.23\spring-jdbc-5.3.23.jar;D:\develop\repository2\org\springframework\spring-beans\5.3.23\spring-beans-5.3.23.jar;D:\develop\repository2\org\springframework\spring-tx\5.3.23\spring-tx-5.3.23.jar;D:\develop\repository2\com\mysql\mysql-connector-j\8.0.31\mysql-connector-j-8.0.31.jar;D:\develop\repository2\org\springframework\boot\spring-boot-starter-web\2.7.5\spring-boot-starter-web-2.7.5.jar;D:\develop\repository2\org\springframework\boot\spring-boot-starter-json\2.7.5\spring-boot-starter-json-2.7.5.jar;D:\develop\repository2\com\fasterxml\jackson\core\jackson-databind\2.13.4.2\jackson-databind-2.13.4.2.jar;D:\develop\repository2\com\fasterxml\jackson\core\jackson-annotations\2.13.4\jackson-annotations-2.13.4.jar;D:\develop\repository2\com\fasterxml\jackson\core\jackson-core\2.13.4\jackson-core-2.13.4.jar;D:\develop\repository2\com\fasterxml\jackson\datatype\jackson-datatype-jdk8\2.13.4\jackson-datatype-jdk8-2.13.4.jar;D:\develop\repository2\com\fasterxml\jackson\datatype\jackson-datatype-jsr310\2.13.4\jackson-datatype-jsr310-2.13.4.jar;D:\develop\repository2\com\fasterxml\jackson\module\jackson-module-parameter-names\2.13.4\jackson-module-parameter-names-2.13.4.jar;D:\develop\repository2\org\springframework\boot\spring-boot-starter-tomcat\2.7.5\spring-boot-starter-tomcat-2.7.5.jar;D:\develop\repository2\org\apache\tomcat\embed\tomcat-embed-core\9.0.68\tomcat-embed-core-9.0.68.jar;D:\develop\repository2\org\apache\tomcat\embed\tomcat-embed-el\9.0.68\tomcat-embed-el-9.0.68.jar;D:\develop\repository2\org\apache\tomcat\embed\tomcat-embed-websocket\9.0.68\tomcat-embed-websocket-9.0.68.jar;D:\develop\repository2\org\springframework\spring-web\5.3.23\spring-web-5.3.23.jar;D:\develop\repository2\org\springframework\spring-webmvc\5.3.23\spring-webmvc-5.3.23.jar;D:\develop\repository2\org\springframework\spring-aop\5.3.23\spring-aop-5.3.23.jar;D:\develop\repository2\org\springframework\spring-context\5.3.23\spring-context-5.3.23.jar;D:\develop\repository2\org\springframework\spring-expression\5.3.23\spring-expression-5.3.23.jar;D:\develop\repository2\org\projectlombok\lombok\1.18.24\lombok-1.18.24.jar;D:\develop\repository2\org\springframework\boot\spring-boot-starter-test\2.7.5\spring-boot-starter-test-2.7.5.jar;D:\develop\repository2\org\springframework\boot\spring-boot-test\2.7.5\spring-boot-test-2.7.5.jar;D:\develop\repository2\org\springframework\boot\spring-boot-test-autoconfigure\2.7.5\spring-boot-test-autoconfigure-2.7.5.jar;D:\develop\repository2\com\jayway\jsonpath\json-path\2.7.0\json-path-2.7.0.jar;D:\develop\repository2\net\minidev\json-smart\2.4.8\json-smart-2.4.8.jar;D:\develop\repository2\net\minidev\accessors-smart\2.4.8\accessors-smart-2.4.8.jar;D:\develop\repository2\org\ow2\asm\asm\9.1\asm-9.1.jar;D:\develop\repository2\jakarta\xml\bind\jakarta.xml.bind-api\2.3.3\jakarta.xml.bind-api-2.3.3.jar;D:\develop\repository2\jakarta\activation\jakarta.activation-api\1.2.2\jakarta.activation-api-1.2.2.jar;D:\develop\repository2\org\assertj\assertj-core\3.22.0\assertj-core-3.22.0.jar;D:\develop\repository2\org\hamcrest\hamcrest\2.2\hamcrest-2.2.jar;D:\develop\repository2\org\junit\jupiter\junit-jupiter\5.8.2\junit-jupiter-5.8.2.jar;D:\develop\repository2\org\junit\jupiter\junit-jupiter-api\5.8.2\junit-jupiter-api-5.8.2.jar;D:\develop\repository2\org\opentest4j\opentest4j\1.2.0\opentest4j-1.2.0.jar;D:\develop\repository2\org\junit\platform\junit-platform-commons\1.8.2\junit-platform-commons-1.8.2.jar;D:\develop\repository2\org\apiguardian\apiguardian-api\1.1.2\apiguardian-api-1.1.2.jar;D:\develop\repository2\org\junit\jupiter\junit-jupiter-params\5.8.2\junit-jupiter-params-5.8.2.jar;D:\develop\repository2\org\junit\jupiter\junit-jupiter-engine\5.8.2\junit-jupiter-engine-5.8.2.jar;D:\develop\repository2\org\junit\platform\junit-platform-engine\1.8.2\junit-platform-engine-1.8.2.jar;D:\develop\repository2\org\mockito\mockito-core\4.5.1\mockito-core-4.5.1.jar;D:\develop\repository2\net\bytebuddy\byte-buddy\1.12.18\byte-buddy-1.12.18.jar;D:\develop\repository2\net\bytebuddy\byte-buddy-agent\1.12.18\byte-buddy-agent-1.12.18.jar;D:\develop\repository2\org\objenesis\objenesis\3.2\objenesis-3.2.jar;D:\develop\repository2\org\mockito\mockito-junit-jupiter\4.5.1\mockito-junit-jupiter-4.5.1.jar;D:\develop\repository2\org\skyscreamer\jsonassert\1.5.1\jsonassert-1.5.1.jar;D:\develop\repository2\com\vaadin\external\google\android-json\0.0.20131108.vaadin1\android-json-0.0.20131108.vaadin1.jar;D:\develop\repository2\org\springframework\spring-core\5.3.23\spring-core-5.3.23.jar;D:\develop\repository2\org\springframework\spring-jcl\5.3.23\spring-jcl-5.3.23.jar;D:\develop\repository2\org\springframework\spring-test\5.3.23\spring-test-5.3.23.jar;D:\develop\repository2\org\xmlunit\xmlunit-core\2.9.0\xmlunit-core-2.9.0.jar;D:\develop\repository2\org\springframework\boot\spring-boot-starter-amqp\2.7.5\spring-boot-starter-amqp-2.7.5.jar;D:\develop\repository2\org\springframework\spring-messaging\5.3.23\spring-messaging-5.3.23.jar;D:\develop\repository2\org\springframework\amqp\spring-rabbit\2.4.7\spring-rabbit-2.4.7.jar;D:\develop\repository2\org\springframework\amqp\spring-amqp\2.4.7\spring-amqp-2.4.7.jar;D:\develop\repository2\org\springframework\retry\spring-retry\1.3.4\spring-retry-1.3.4.jar;D:\develop\repository2\com\rabbitmq\amqp-client\5.14.2\amqp-client-5.14.2.jar;"/>
    <property name="sun.cpu.endian" value="little"/>
    <property name="user.home" value="C:\Users\25942"/>
    <property name="user.language" value="zh"/>
    <property name="java.specification.vendor" value="Oracle Corporation"/>
    <property name="java.version.date" value="2019-10-15"/>
    <property name="java.home" value="D:\develop\JAVA"/>
    <property name="file.separator" value="\"/>
    <property name="basedir" value="E:\Code\server\learning-java\learn-mybatis-mp"/>
    <property name="java.vm.compressedOopsMode" value="Zero based"/>
    <property name="line.separator" value="&#10;"/>
    <property name="java.vm.specification.vendor" value="Oracle Corporation"/>
    <property name="java.specification.name" value="Java Platform API Specification"/>
    <property name="surefire.real.class.path" value="C:\Users\25942\AppData\Local\Temp\surefire14472962564329358074\surefirebooter4537442953765911511.jar"/>
    <property name="user.script" value=""/>
    <property name="sun.management.compiler" value="HotSpot 64-Bit Tiered Compilers"/>
    <property name="java.runtime.version" value="13.0.1+9"/>
    <property name="user.name" value="25942"/>
    <property name="path.separator" value=";"/>
    <property name="os.version" value="10.0"/>
    <property name="java.runtime.name" value="Java(TM) SE Runtime Environment"/>
    <property name="file.encoding" value="GBK"/>
    <property name="java.vm.name" value="Java HotSpot(TM) 64-Bit Server VM"/>
    <property name="localRepository" value="D:\develop\repository2"/>
    <property name="java.vendor.url.bug" value="https://bugreport.java.com/bugreport/"/>
    <property name="java.io.tmpdir" value="C:\Users\25942\AppData\Local\Temp\"/>
    <property name="idea.version" value="2022.2.1"/>
    <property name="java.version" value="13.0.1"/>
    <property name="user.dir" value="E:\Code\server\learning-java\learn-mybatis-mp"/>
    <property name="os.arch" value="amd64"/>
    <property name="java.vm.specification.name" value="Java Virtual Machine Specification"/>
    <property name="sun.os.patch.level" value=""/>
    <property name="java.library.path" value="D:\develop\JAVA\bin;C:\WINDOWS\Sun\Java\bin;C:\WINDOWS\system32;C:\WINDOWS;D:\develop\anaconda\condabin;D:\develop\VM17\bin\;D:\texlive\2021\bin\win32;C:\Windows\system32;C:\Windows;C:\Windows\System32\Wbem;C:\Windows\System32\WindowsPowerShell\v1.0\;C:\Windows\System32\OpenSSH\;C:\Program Files\NVIDIA Corporation\NVIDIA NvDLISR;D:\develop\anaconda\Scripts;D:\develop\anaconda;D:\develop\anaconda\Library\bin;D:\develop\JAVA\bin;D:\develop\nodejs;D:\develop\nodejs\node_global;C:\WINDOWS\system32;C:\WINDOWS;C:\WINDOWS\System32\Wbem;C:\WINDOWS\System32\WindowsPowerShell\v1.0\;C:\WINDOWS\System32\OpenSSH\;D:\develop\JAVA\bin;D:\develop\JAVA\jre\bin;D:\develop\微信web开发者工具\dll;D:\develop\TortoiseGit\bin;D:\develop\Xftp 7\;C:\Program Files (x86)\ZeroTier\One\;D:\develop\Erlang OTP\bin;C:\Users\25942\AppData\Local\Microsoft\WindowsApps;D:\texlive\2021\bin\win32;C:\Users\25942\AppData\Local\Programs\Microsoft VS Code\bin;."/>
    <property name="java.vm.info" value="mixed mode, sharing"/>
    <property name="java.vendor" value="Oracle Corporation"/>
    <property name="java.vm.version" value="13.0.1+9"/>
    <property name="sun.io.unicode.encoding" value="UnicodeLittle"/>
    <property name="maven.repo.local" value="D:\develop\repository2"/>
    <property name="java.class.version" value="57.0"/>
  </properties>
  <testcase name="testQueryAll" classname="com.example.mybatis.TestMeetMapper" time="0.526"/>
  <testcase name="testQueryByMeet" classname="com.example.mybatis.TestMeetMapper" time="0.276">
    <error type="java.lang.NullPointerException">java.lang.NullPointerException
	at com.example.mybatis.TestMeetMapper.testQueryByMeet(TestMeetMapper.java:23)
</error>
    <system-out><![CDATA[2023-01-29 22:58:17.795  INFO 16076 --- [           main] com.zaxxer.hikari.HikariDataSource       : HikariPool-1 - Starting...
2023-01-29 22:58:17.986  INFO 16076 --- [           main] com.zaxxer.hikari.HikariDataSource       : HikariPool-1 - Start completed.
]]></system-out>
  </testcase>
</testsuite>